<?xml version="1.0" encoding="UTF-8"?>
<!-- Generated by org.testng.reporters.JUnitReportReporter -->
<testsuite hostname="Mac" failures="0" tests="1" name="com.rest.test.MainTest" time="0.636" errors="0" timestamp="2025-02-13T11:31:32 EST" skipped="0">
  <testcase classname="com.rest.test.MainTest" name="verifyStatusCode" time="0.636"/>
</testsuite> <!-- com.rest.test.MainTest -->
